 **************** MCFM - version 10.3 ***************
 *                                                  *
 *  MCFM, v10.3                     January 2023    *
 *  CuTe-MCFM, v1.2                                 *
 *                                                  *
 *  On the web: https://mcfm.fnal.gov/              *
 *                                                  *
 *  MCFM Authors:                                   *
 *                                                  *
 *   John Campbell <johnmc@fnal.gov>                *
 *   Keith Ellis <ellis@fnal.gov>                   *
 *   Tobias Neumann <tneumann@fnal.gov>             *
 *   Ciaran Williams <ciaranwi@buffalo.edu>         *
 *                                                  *
 *  CuTe-MCFM Authors:                              *
 *                                                  *
 *   Thomas Becher <becher@itp.unibe.ch>            *
 *   Tobias Neumann <tneumann@fnal.gov>             *
 *                                                  *
 *   See https://mcfm.fnal.gov/                     *
 *     for a full list of contributors.             *
 *                                                  *
 ****************************************************

 ****************  MCFM references   ****************
 *                                                  *
 *  Precision phenomenology with MCFM-9.0           *
 *   J.M. Campbell, T. Neumann                      *
 *    arXiv:1909.09117                              *
 *                                                  *
 *  An update on vector boson pair production at    *
 *    hadron colliders                              *
 *   J.M. Campbell, R.K. Ellis, PRD60 (1999) 113006 *
 *                                                  *
 *  Vector boson pair production at the LHC         *
 *   J.M. Campbell, R.K. Ellis, C. Williams,        *
 *    JHEP 1107 (2011) 018                          *
 *                                                  *
 ****************************************************
 **************  Process references   ***************
 *                                                  *
 *  Bounding the Higgs width at the LHC using       *
 *    full analytic results for gg -> e-e+mu-mu+    *
 *   J.M. Campbell, R.K. Ellis, C. Williams,        *
 *    arXiv:1311.3589                               *
 *                                                  *
 ****************************************************
 ****************************************************
 *   MCFM uses the libraries                        *
 *                                                  *
 *    AMOS (Netlib)                                 *
 *    Chaplin 1.2 (Buehler, Duhr)                   *
 *    HandyG 0.1.4 (Naterop, Signer, Ulrich)        *
 *    hplog6 1.6 (Gehrmann, Remiddi)                *
 *    LHAPDF 6.5.1 (Buckley, et al.)                *
 *    QCDLoop 2.0.9 (Carazza, Ellis, Zanderighi)    *
 *    OneLOop (van Hameren)                         *
 *    Quad Double 2.3.22 (Hida, Li, Bailey)         *
 *                                                  *
 ****************************************************
 
 Running MCFM with            1  OMP threads
 
 
 MCFM compiled with GCC version 14.1.0 using the options -ffixed-form -cpp -I /u/taepa/mcfm/MCFM-10.3/src/Inc -I /u/taepa/mcfm/MCFM-10.3/. -I /u/taepa/mcfm/MCFM-10.3/Bin/local/include -I /u/taepa/mcfm/MCFM-10.3/Bin/local/include/qd -iprefix /raven/u/system/soft/SLE_15/packages/x86_64/gcc/14.1.0/bin/../lib/gcc/x86_64-pc-linux-gnu/14.1.0/ -D_REENTRANT -D HAVE_LHAPDF=1 -D NDEBUG -mtune=generic -march=x86-64 -g -O2 -finit-local-zero -ffixed-line-length-none -ffree-line-length-512 -fopenmp -ffpe-summary=none -fallow-argument-mismatch -fPIC -J include -fpre-include=/usr/include/finclude/math-vector-fortran.h
 
 
 Running MCFM as ./mcfm ./input_ggZZ2e2m_sbi.ini -general%rundir=ggZZ2e2m_sbi
 

 *****************************************************
 *     MCFM is calling LHAPDF                        *
 *                                                   *
 *   PDFname NNPDF31_nnlo_as_0118                    *
 *   PDFmember  0                                    *
 *                                                   *
 *****************************************************

 ************** Electroweak parameters **************
 *                                                  *
 *  zmass(+)   91.1876000     wmass(+)  80.3850000  *
 * zwidth(+)    2.4952000    wwidth(+)   2.0850000  *
 *     Gf(+) 0.116639D-04   1/aemmz    132.2319487  *
 *     xw       0.2228972      mtop(+) 173.3000000  *
 *   gwsq       0.4263525       esq      0.0950328  *
 * top width    1.4777968      at order  (LO)       *
 *    mb        4.6600000        mc      1.2750000  *
 *                                                  *
 * Parameters marked (+) are input, others derived  *
 ****************************************************

 WARNING: Higgs decay H->ZZ is below threshold and
 may not yield sensible results - check the number
 of integration points

 ***************** CKM mixing matrix ****************
 *                                                  *
 *      Vud=.97417    Vus=.22480    Vub=.40900E-02  *
 *      Vcd=.22000    Vcs=.99500    Vcb=.40500E-01  *
 ****************************************************
 Setting new_pspace = .false. !
Uniform histogram initialized for 'total cross'
Uniform histogram initialized for 'pt3456_lin'
Uniform histogram initialized for 'm3456'
Custom histogram initialized for 'pt3456'
Custom histogram initialized for 'ptZZ'
Uniform histogram initialized for 'ptl1'
Uniform histogram initialized for 'ptl2'
Uniform histogram initialized for 'ptl3'
Uniform histogram initialized for 'ptl4'
Custom histogram initialized for 'm4lpta'
Custom histogram initialized for 'm4lonshell'
 Using sobol with world_size =            1
 
LO warmup integration, contribution  1
 
 
 Vegas integration parameters:
 ndim = 10  ncall =       100000  iter =  5  alpha = 1.5
 

 ****************** Basic mass cuts *****************
 *                                                  *
 *             60.00  <   m34  <   180.00           *
 *             60.00  <   m56  <   180.00           *
 *            180.00  <  m3456 <  1000.00           *
 ****************************************************

 ****************** Generic cuts ********************
 *                                                  *
 *     20.000 <     pt(lepton)     < 14000.000 GeV  *
 *      0.000 <    |eta(lepton)|   <     2.500      *
 *       pt(missing)      >     0.00 GeV            *
 *     15.000 <   pt(2nd lepton)   < 14000.000 GeV  *
 *      0.000 <  |eta(2nd lepton)| <     2.500      *
 *      7.000 <   pt(3rd lepton)   < 14000.000 GeV  *
 *      0.000 <  |eta(3rd lepton)| <     2.500      *
 *  (3,4) transverse mass >     0.00 GeV            *
 *      R(jet,lepton)     >     0.00                *
 *     R(lepton,lepton)   >     0.00                *
 * |eta(jet1)-eta(jet2)|  >     0.00                *
 ****************************************************

 ************** Dynamic scale choice ****************
 *                                                  *
 *                 RENORMALIZATION                  *
 *       mu_ren  =  1.00 x m(3456)                  *
 *                                                  *
 *                  FACTORIZATION                   *
 *       mu_fac  =  1.00 x m(3456)                  *
 *                                                  *
 ****************************************************
 ****************************************************
 *                                                  *
 *  gg->ZZ box loop includes gens. 1 and 2          *
 *  gg->ZZ box loop includes bottom quark           *
 *  gg->ZZ box loop includes top quark              *
 *                                                  *
 *  Numer. stability: pt(Z) > 0.100 GeV (gens. 1,2) *
 *  Numer. stability: pt(Z) > 0.100 GeV (b,t loops) *
 *                                                  *
 ****************************************************
************** Integration by Vegas (iteration   1) ***************
*                                                                 *
*  integral  =   1.5484505       accum. integral =   1.5484505    *
*  std. dev =   0.75200087E-01   accum. std. dev =  0.75200087E-01*
*   max. wt. =    0.196421E-01                                    *
*                                                                 *
*  CPU time used:   6.1929312     seconds                         *
*  Wall time used:   6.3040000     seconds                        *
*  Threading efficiency:    98.2%                                 *
*                                                                 *
***************   chi**2/iteration =    0.000       ***************
 
************** Integration by Vegas (iteration   2) ***************
*                                                                 *
*  integral  =   1.5594194       accum. integral =   1.5592909    *
*  std. dev =   0.81874698E-02   accum. std. dev =  0.81393701E-02*
*   max. wt. =    0.196421E-01                                    *
*                                                                 *
*  CPU time used:   459.99832     seconds                         *
*  Wall time used:   460.08800     seconds                        *
*  Threading efficiency:   100.0%                                 *
*                                                                 *
***************   chi**2/iteration =   0.2103E-01   ***************
 
************** Integration by Vegas (iteration   3) ***************
*                                                                 *
*  integral  =   1.5464375       accum. integral =   1.5495375    *
*  std. dev =   0.45887265E-02   accum. std. dev =  0.39972520E-02*
*   max. wt. =    0.196421E-01                                    *
*                                                                 *
*  CPU time used:   483.06607     seconds                         *
*  Wall time used:   483.15700     seconds                        *
*  Threading efficiency:   100.0%                                 *
*                                                                 *
***************   chi**2/iteration =   0.9567       ***************
 
************** Integration by Vegas (iteration   4) ***************
*                                                                 *
*  integral  =   1.5600148       accum. integral =   1.5519372    *
*  std. dev =   0.73336599E-02   accum. std. dev =  0.35097584E-02*
*   max. wt. =    0.196421E-01                                    *
*                                                                 *
*  CPU time used:   472.15436     seconds                         *
*  Wall time used:   472.24100     seconds                        *
*  Threading efficiency:   100.0%                                 *
*                                                                 *
***************   chi**2/iteration =    1.162       ***************
 
************** Integration by Vegas (iteration   5) ***************
*                                                                 *
*  integral  =   1.5537151       accum. integral =   1.5522729    *
*  std. dev =   0.72746829E-02   accum. std. dev =  0.31610856E-02*
*   max. wt. =    0.196421E-01                                    *
*                                                                 *
*  CPU time used:   456.97461     seconds                         *
*  Wall time used:   457.05500     seconds                        *
*  Threading efficiency:   100.0%                                 *
*                                                                 *
***************   chi**2/iteration =   0.8838       ***************
 
 
CPU time for last  5 iterations:   1878.3868    
Wall time for last  5 iterations:   1878.8760    
 
 
CPU time total:   1878.4749    
Wall time total:   1879.6230    
 
 Reached warmup precisionGoal with                100000  calls per iteration
 
 Snapshot written to ./ggZZ4l_lo_NNPDF31_nnlo_as_0118_1.00_1.00_125_ggZZELMU_sbi_snapshot.dat
 
 
 WARMUP phase complete
 Intermediate warmup result
Value of integral is    1.55227     ±   0.31611E-02 fb
 Maximum chisq/it over all contributions is  0.884    
 
first full integration for LO contribution  1
 
 Vegas integration parameters:
 ndim = 10  ncall =       400000  iter = 10  alpha = 0.8
 
************** Integration by Vegas (iteration   1) ***************
*                                                                 *
*  integral  =   1.5591542       accum. integral =   1.5591542    *
*  std. dev =   0.21822550E-02   accum. std. dev =  0.21822550E-02*
*   max. wt. =    0.196421E-01                                    *
*                                                                 *
*  CPU time used:   1936.9818     seconds                         *
*  Wall time used:   1940.1040     seconds                        *
*  Threading efficiency:    99.8%                                 *
*                                                                 *
***************   chi**2/iteration =    0.000       ***************
 
************** Integration by Vegas (iteration   2) ***************
*                                                                 *
*  integral  =   1.5617822       accum. integral =   1.5593140    *
*  std. dev =   0.85769416E-02   accum. std. dev =  0.21148741E-02*
*   max. wt. =    0.196421E-01                                    *
*                                                                 *
*  CPU time used:   1973.6506     seconds                         *
*  Wall time used:   1978.3600     seconds                        *
*  Threading efficiency:    99.8%                                 *
*                                                                 *
***************   chi**2/iteration =   0.8818E-01   ***************
 
************** Integration by Vegas (iteration   3) ***************
*                                                                 *
*  integral  =   1.5578017       accum. integral =   1.5591728    *
*  std. dev =   0.65903800E-02   accum. std. dev =  0.20137285E-02*
*   max. wt. =    0.196421E-01                                    *
*                                                                 *
*  CPU time used:   1946.4810     seconds                         *
*  Wall time used:   1949.7700     seconds                        *
*  Threading efficiency:    99.8%                                 *
*                                                                 *
***************   chi**2/iteration =   0.6796E-01   ***************
 
************** Integration by Vegas (iteration   4) ***************
*                                                                 *
*  integral  =   1.5576149       accum. integral =   1.5587131    *
*  std. dev =   0.31123210E-02   accum. std. dev =  0.16906977E-02*
*   max. wt. =    0.196421E-01                                    *
*                                                                 *
*  CPU time used:   1947.8809     seconds                         *
*  Wall time used:   1956.0280     seconds                        *
*  Threading efficiency:    99.6%                                 *
*                                                                 *
***************   chi**2/iteration =   0.1042       ***************
 
************** Integration by Vegas (iteration   5) ***************
*                                                                 *
*  integral  =   1.5623665       accum. integral =   1.5587844    *
*  std. dev =   0.11980062E-01   accum. std. dev =  0.16741086E-02*
*   max. wt. =    0.196421E-01                                    *
*                                                                 *
*  CPU time used:   1977.3633     seconds                         *
*  Wall time used:   1984.7630     seconds                        *
*  Threading efficiency:    99.6%                                 *
*                                                                 *
***************   chi**2/iteration =   0.1009       ***************
 
************** Integration by Vegas (iteration   6) ***************
*                                                                 *
*  integral  =   1.5554193       accum. integral =   1.5582343    *
*  std. dev =   0.37871704E-02   accum. std. dev =  0.15311789E-02*
*   max. wt. =    0.196421E-01                                    *
*                                                                 *
*  CPU time used:   1962.7744     seconds                         *
*  Wall time used:   1969.6750     seconds                        *
*  Threading efficiency:    99.6%                                 *
*                                                                 *
***************   chi**2/iteration =   0.2128       ***************
 
************** Integration by Vegas (iteration   7) ***************
*                                                                 *
*  integral  =   1.5553926       accum. integral =   1.5577647    *
*  std. dev =   0.34411186E-02   accum. std. dev =  0.13989384E-02*
*   max. wt. =    0.196421E-01                                    *
*                                                                 *
*  CPU time used:   1961.9219     seconds                         *
*  Wall time used:   1969.3310     seconds                        *
*  Threading efficiency:    99.6%                                 *
*                                                                 *
***************   chi**2/iteration =   0.2722       ***************
 
************** Integration by Vegas (iteration   8) ***************
*                                                                 *
*  integral  =   1.5603641       accum. integral =   1.5583115    *
*  std. dev =   0.27102784E-02   accum. std. dev =  0.12431096E-02*
*   max. wt. =    0.196421E-01                                    *
*                                                                 *
*  CPU time used:   1957.0361     seconds                         *
*  Wall time used:   1959.5930     seconds                        *
*  Threading efficiency:    99.9%                                 *
*                                                                 *
***************   chi**2/iteration =   0.3371       ***************
 
************** Integration by Vegas (iteration   9) ***************
*                                                                 *
*  integral  =   1.5551914       accum. integral =   1.5575058    *
*  std. dev =   0.21068999E-02   accum. std. dev =  0.10706435E-02*
*   max. wt. =    0.196421E-01                                    *
*                                                                 *
*  CPU time used:   1957.6406     seconds                         *
*  Wall time used:   1962.1880     seconds                        *
*  Threading efficiency:    99.8%                                 *
*                                                                 *
***************   chi**2/iteration =   0.4983       ***************
 
************** Integration by Vegas (iteration  10) ***************
*                                                                 *
*  integral  =   1.5487294       accum. integral =   1.5569109    *
*  std. dev =   0.39704039E-02   accum. std. dev =  0.10337198E-02*
*   max. wt. =    0.196421E-01                                    *
*                                                                 *
*  CPU time used:   1974.3047     seconds                         *
*  Wall time used:   1977.8180     seconds                        *
*  Threading efficiency:    99.8%                                 *
*                                                                 *
***************   chi**2/iteration =   0.9491       ***************
 
 
CPU time for last 10 iterations:   19596.035    
Wall time for last 10 iterations:   19647.745    
 
 
CPU time total:   21474.520    
Wall time total:   21527.441    
 
 
 Snapshot written to ./ggZZ4l_lo_NNPDF31_nnlo_as_0118_1.00_1.00_125_ggZZELMU_sbi_snapshot.dat
 
=== Result for PDF set NNPDF31_nnlo_as_0118 member   0 ===
Value of integral is    1.55691     ±   0.10337E-02 fb
 Maximum chisq/it over all contributions is  0.949    
                                  
================================= 
Global information about the job: 
================================= 
  
Job owner: taepa(54821)
Job name:  ggZZ2e2m_sbi
Node list: ravc4126
Job start: Mon Dec  2 13:30:01 CET 2024
Job end:   Mon Dec  2 19:28:53 CET 2024
Work dir:  /raven/u/taepa/mcfm/MCFM-10.3/Bin
Command:   /raven/u/taepa/mcfm/MCFM-10.3/Bin/ggZZ2e2m_sbi/job.sh
  
  
  
==========================================================================================
Information on jobsteps (Note: MaxRSS/AveRSS is the maximum/average over all 
tasks of the per-task memory high-water marks; cf. "man sacct"): 
==========================================================================================
  
JobID            JobName NNodes NTasks  NCPUS       MaxRSS       AveRSS    Elapsed ExitCode
------------- ---------- ------ ------ ------ ------------ ------------ ---------- --------
13946010      ggZZ2e2m_s      1             2                             05:58:52      0:0
  
Maximum memory per node: 0.049242 GB (defined as MaxRSS*Ntasks/NNodes)
CPU utilization: 99.6 %
  
