 **************** MCFM - version 10.3 ***************
 *                                                  *
 *  MCFM, v10.3                     January 2023    *
 *  CuTe-MCFM, v1.2                                 *
 *                                                  *
 *  On the web: https://mcfm.fnal.gov/              *
 *                                                  *
 *  MCFM Authors:                                   *
 *                                                  *
 *   John Campbell <johnmc@fnal.gov>                *
 *   Keith Ellis <ellis@fnal.gov>                   *
 *   Tobias Neumann <tneumann@fnal.gov>             *
 *   Ciaran Williams <ciaranwi@buffalo.edu>         *
 *                                                  *
 *  CuTe-MCFM Authors:                              *
 *                                                  *
 *   Thomas Becher <becher@itp.unibe.ch>            *
 *   Tobias Neumann <tneumann@fnal.gov>             *
 *                                                  *
 *   See https://mcfm.fnal.gov/                     *
 *     for a full list of contributors.             *
 *                                                  *
 ****************************************************

 ****************  MCFM references   ****************
 *                                                  *
 *  Precision phenomenology with MCFM-9.0           *
 *   J.M. Campbell, T. Neumann                      *
 *    arXiv:1909.09117                              *
 *                                                  *
 *  An update on vector boson pair production at    *
 *    hadron colliders                              *
 *   J.M. Campbell, R.K. Ellis, PRD60 (1999) 113006 *
 *                                                  *
 *  Vector boson pair production at the LHC         *
 *   J.M. Campbell, R.K. Ellis, C. Williams,        *
 *    JHEP 1107 (2011) 018                          *
 *                                                  *
 ****************************************************
 **************  Process references   ***************
 *                                                  *
 ****************************************************
 ****************************************************
 *   MCFM uses the libraries                        *
 *                                                  *
 *    AMOS (Netlib)                                 *
 *    Chaplin 1.2 (Buehler, Duhr)                   *
 *    HandyG 0.1.4 (Naterop, Signer, Ulrich)        *
 *    hplog6 1.6 (Gehrmann, Remiddi)                *
 *    LHAPDF 6.5.1 (Buckley, et al.)                *
 *    QCDLoop 2.0.9 (Carazza, Ellis, Zanderighi)    *
 *    OneLOop (van Hameren)                         *
 *    Quad Double 2.3.22 (Hida, Li, Bailey)         *
 *                                                  *
 ****************************************************
 
 Running MCFM with            1  OMP threads
 
 
 MCFM compiled with GCC version 14.1.0 using the options -ffixed-form -cpp -I /u/taepa/mcfm/MCFM-10.3/src/Inc -I /u/taepa/mcfm/MCFM-10.3/. -I /u/taepa/mcfm/MCFM-10.3/Bin/local/include -I /u/taepa/mcfm/MCFM-10.3/Bin/local/include/qd -iprefix /raven/u/system/soft/SLE_15/packages/x86_64/gcc/14.1.0/bin/../lib/gcc/x86_64-pc-linux-gnu/14.1.0/ -D_REENTRANT -D HAVE_LHAPDF=1 -D NDEBUG -mtune=generic -march=x86-64 -g -O2 -finit-local-zero -ffixed-line-length-none -ffree-line-length-512 -fopenmp -ffpe-summary=none -fallow-argument-mismatch -fPIC -J include -fpre-include=/usr/include/finclude/math-vector-fortran.h
 
 
 Running MCFM as ./mcfm ./input_qqZZ2e2m.ini -general%rundir=qqZZ2e2m
 

 *****************************************************
 *     MCFM is calling LHAPDF                        *
 *                                                   *
 *   PDFname NNPDF31_nnlo_as_0118                    *
 *   PDFmember  0                                    *
 *                                                   *
 *****************************************************

 ************** Electroweak parameters **************
 *                                                  *
 *  zmass(+)   91.1876000     wmass(+)  80.3850000  *
 * zwidth(+)    2.4952000    wwidth(+)   2.0850000  *
 *     Gf(+) 0.116639D-04   1/aemmz    132.2319487  *
 *     xw       0.2228972      mtop(+) 173.3000000  *
 *   gwsq       0.4263525       esq      0.0950328  *
 * top width    1.4777968      at order  (LO)       *
 *    mb        4.6600000        mc      1.2750000  *
 *                                                  *
 * Parameters marked (+) are input, others derived  *
 ****************************************************

 *************** Anomalous couplings ****************
 *                                                  *
 *            Delta_g1(Z)  =    0.00                *
 *            Delta_g1(g)  =    0.00                *
 *            Delta_K(Z)   =    0.00                *
 *            Delta_K(g)   =    0.00                *
 *            Lambda(Z)    =    0.00                *
 *            Lambda(g)    =    0.00                *
 *            TeV-scale    =    2.00 TeV            *
 ****************************************************

 ***************** CKM mixing matrix ****************
 *                                                  *
 *      Vud=.97417    Vus=.22480    Vub=.40900E-02  *
 *      Vcd=.22000    Vcs=.99500    Vcb=.40500E-01  *
 ****************************************************
Uniform histogram initialized for 'total cross'
Uniform histogram initialized for 'pt3456_lin'
Uniform histogram initialized for 'm3456'
Custom histogram initialized for 'pt3456'
Custom histogram initialized for 'ptZZ'
Uniform histogram initialized for 'ptl1'
Uniform histogram initialized for 'ptl2'
Uniform histogram initialized for 'ptl3'
Uniform histogram initialized for 'ptl4'
Custom histogram initialized for 'm4lpta'
Custom histogram initialized for 'm4lonshell'
 Using sobol with world_size =            1
 
LO warmup integration, contribution  1
 
 
 Vegas integration parameters:
 ndim = 10  ncall =       100000  iter =  5  alpha = 1.5
 

 ****************** Basic mass cuts *****************
 *                                                  *
 *             60.00  <   m34  <   180.00           *
 *             60.00  <   m56  <   180.00           *
 *            180.00  <  m3456 <  1000.00           *
 ****************************************************

 ****************** Generic cuts ********************
 *                                                  *
 *     20.000 <     pt(lepton)     < 14000.000 GeV  *
 *      0.000 <    |eta(lepton)|   <     2.500      *
 *       pt(missing)      >     0.00 GeV            *
 *     15.000 <   pt(2nd lepton)   < 14000.000 GeV  *
 *      0.000 <  |eta(2nd lepton)| <     2.500      *
 *      7.000 <   pt(3rd lepton)   < 14000.000 GeV  *
 *      0.000 <  |eta(3rd lepton)| <     2.500      *
 *  (3,4) transverse mass >     0.00 GeV            *
 *      R(jet,lepton)     >     0.00                *
 *     R(lepton,lepton)   >     0.00                *
 * |eta(jet1)-eta(jet2)|  >     0.00                *
 ****************************************************

 ************** Dynamic scale choice ****************
 *                                                  *
 *                 RENORMALIZATION                  *
 *       mu_ren  =  1.00 x m(3456)                  *
 *                                                  *
 *                  FACTORIZATION                   *
 *       mu_fac  =  1.00 x m(3456)                  *
 *                                                  *
 ****************************************************
************** Integration by Vegas (iteration   1) ***************
*                                                                 *
*  integral  =   14.230830       accum. integral =   14.230830    *
*  std. dev =   0.50303278       accum. std. dev =  0.50303278    *
*   max. wt. =    0.676988E-01                                    *
*                                                                 *
*  CPU time used:  0.80292398     seconds                         *
*  Wall time used:  0.91000000     seconds                        *
*  Threading efficiency:    88.2%                                 *
*                                                                 *
***************   chi**2/iteration =    0.000       ***************
 
************** Integration by Vegas (iteration   2) ***************
*                                                                 *
*  integral  =   14.454827       accum. integral =   14.451915    *
*  std. dev =   0.57739341E-01   accum. std. dev =  0.57362700E-01*
*   max. wt. =    0.676988E-01                                    *
*                                                                 *
*  CPU time used:   2.2055991     seconds                         *
*  Wall time used:   2.2060000     seconds                        *
*  Threading efficiency:   100.0%                                 *
*                                                                 *
***************   chi**2/iteration =   0.1957       ***************
 
************** Integration by Vegas (iteration   3) ***************
*                                                                 *
*  integral  =   14.450853       accum. integral =   14.451289    *
*  std. dev =   0.47918929E-01   accum. std. dev =  0.36775526E-01*
*   max. wt. =    0.676988E-01                                    *
*                                                                 *
*  CPU time used:   2.2252951     seconds                         *
*  Wall time used:   2.2260000     seconds                        *
*  Threading efficiency:   100.0%                                 *
*                                                                 *
***************   chi**2/iteration =   0.9795E-01   ***************
 
************** Integration by Vegas (iteration   4) ***************
*                                                                 *
*  integral  =   14.538192       accum. integral =   14.479041    *
*  std. dev =   0.53689947E-01   accum. std. dev =  0.30340492E-01*
*   max. wt. =    0.676988E-01                                    *
*                                                                 *
*  CPU time used:   2.2017698     seconds                         *
*  Wall time used:   2.2030000     seconds                        *
*  Threading efficiency:    99.9%                                 *
*                                                                 *
***************   chi**2/iteration =   0.6597       ***************
 
************** Integration by Vegas (iteration   5) ***************
*                                                                 *
*  integral  =   14.501117       accum. integral =   14.485004    *
*  std. dev =   0.49873697E-01   accum. std. dev =  0.25920822E-01*
*   max. wt. =    0.676988E-01                                    *
*                                                                 *
*  CPU time used:   2.1794124     seconds                         *
*  Wall time used:   2.1800000     seconds                        *
*  Threading efficiency:   100.0%                                 *
*                                                                 *
***************   chi**2/iteration =   0.5305       ***************
 
 
CPU time for last  5 iterations:   9.6154175    
Wall time for last  5 iterations:   9.7250000    
 
 
CPU time total:   9.7086240    
Wall time total:   10.488000    
 
 Reached warmup precisionGoal with                100000  calls per iteration
 
 Snapshot written to ./ZZlept_lo_NNPDF31_nnlo_as_0118_1.00_1.00_qqZZ2e2m_snapshot.dat
 
 
 WARMUP phase complete
 Intermediate warmup result
Value of integral is    14.4850     ±   0.25921E-01 fb
 Maximum chisq/it over all contributions is  0.531    
 
first full integration for LO contribution  1
 
 Vegas integration parameters:
 ndim = 10  ncall =       400000  iter = 10  alpha = 0.8
 
************** Integration by Vegas (iteration   1) ***************
*                                                                 *
*  integral  =   14.487864       accum. integral =   14.487864    *
*  std. dev =   0.23496585E-01   accum. std. dev =  0.23496585E-01*
*   max. wt. =    0.676988E-01                                    *
*                                                                 *
*  CPU time used:   41.627861     seconds                         *
*  Wall time used:   41.756000     seconds                        *
*  Threading efficiency:    99.7%                                 *
*                                                                 *
***************   chi**2/iteration =    0.000       ***************
 
************** Integration by Vegas (iteration   2) ***************
*                                                                 *
*  integral  =   14.479959       accum. integral =   14.483854    *
*  std. dev =   0.23157753E-01   accum. std. dev =  0.16493495E-01*
*   max. wt. =    0.676988E-01                                    *
*                                                                 *
*  CPU time used:   40.841999     seconds                         *
*  Wall time used:   40.938000     seconds                        *
*  Threading efficiency:    99.8%                                 *
*                                                                 *
***************   chi**2/iteration =   0.5741E-01   ***************
 
************** Integration by Vegas (iteration   3) ***************
*                                                                 *
*  integral  =   14.488877       accum. integral =   14.485565    *
*  std. dev =   0.22946056E-01   accum. std. dev =  0.13392690E-01*
*   max. wt. =    0.676988E-01                                    *
*                                                                 *
*  CPU time used:   41.133987     seconds                         *
*  Wall time used:   41.267000     seconds                        *
*  Threading efficiency:    99.7%                                 *
*                                                                 *
***************   chi**2/iteration =   0.4450E-01   ***************
 
************** Integration by Vegas (iteration   4) ***************
*                                                                 *
*  integral  =   14.479665       accum. integral =   14.484012    *
*  std. dev =   0.22410836E-01   accum. std. dev =  0.11496297E-01*
*   max. wt. =    0.676988E-01                                    *
*                                                                 *
*  CPU time used:   40.940567     seconds                         *
*  Wall time used:   41.033000     seconds                        *
*  Threading efficiency:    99.8%                                 *
*                                                                 *
***************   chi**2/iteration =   0.4669E-01   ***************
 
************** Integration by Vegas (iteration   5) ***************
*                                                                 *
*  integral  =   14.484963       accum. integral =   14.484193    *
*  std. dev =   0.23725905E-01   accum. std. dev =  0.10345758E-01*
*   max. wt. =    0.676988E-01                                    *
*                                                                 *
*  CPU time used:   41.185593     seconds                         *
*  Wall time used:   41.280000     seconds                        *
*  Threading efficiency:    99.8%                                 *
*                                                                 *
***************   chi**2/iteration =   0.3534E-01   ***************
 
************** Integration by Vegas (iteration   6) ***************
*                                                                 *
*  integral  =   14.502941       accum. integral =   14.487110    *
*  std. dev =   0.24101277E-01   accum. std. dev =  0.95068739E-02*
*   max. wt. =    0.676988E-01                                    *
*                                                                 *
*  CPU time used:   40.617432     seconds                         *
*  Wall time used:   40.709000     seconds                        *
*  Threading efficiency:    99.8%                                 *
*                                                                 *
***************   chi**2/iteration =   0.1305       ***************
 
************** Integration by Vegas (iteration   7) ***************
*                                                                 *
*  integral  =   14.469434       accum. integral =   14.484456    *
*  std. dev =   0.22617539E-01   accum. std. dev =  0.87641286E-02*
*   max. wt. =    0.676988E-01                                    *
*                                                                 *
*  CPU time used:   40.549927     seconds                         *
*  Wall time used:   40.642000     seconds                        *
*  Threading efficiency:    99.8%                                 *
*                                                                 *
***************   chi**2/iteration =   0.1952       ***************
 
************** Integration by Vegas (iteration   8) ***************
*                                                                 *
*  integral  =   14.501074       accum. integral =   14.486538    *
*  std. dev =   0.23155337E-01   accum. std. dev =  0.81966586E-02*
*   max. wt. =    0.676988E-01                                    *
*                                                                 *
*  CPU time used:   40.886932     seconds                         *
*  Wall time used:   40.980000     seconds                        *
*  Threading efficiency:    99.8%                                 *
*                                                                 *
***************   chi**2/iteration =   0.2317       ***************
 
************** Integration by Vegas (iteration   9) ***************
*                                                                 *
*  integral  =   14.449497       accum. integral =   14.482360    *
*  std. dev =   0.22986907E-01   accum. std. dev =  0.77205137E-02*
*   max. wt. =    0.676988E-01                                    *
*                                                                 *
*  CPU time used:   40.505768     seconds                         *
*  Wall time used:   40.625000     seconds                        *
*  Threading efficiency:    99.7%                                 *
*                                                                 *
***************   chi**2/iteration =   0.4907       ***************
 
************** Integration by Vegas (iteration  10) ***************
*                                                                 *
*  integral  =   14.479375       accum. integral =   14.482054    *
*  std. dev =   0.22842068E-01   accum. std. dev =  0.73140286E-02*
*   max. wt. =    0.676988E-01                                    *
*                                                                 *
*  CPU time used:   40.772949     seconds                         *
*  Wall time used:   40.921000     seconds                        *
*  Threading efficiency:    99.6%                                 *
*                                                                 *
***************   chi**2/iteration =   0.4379       ***************
 
 
CPU time for last 10 iterations:   409.06372    
Wall time for last 10 iterations:   410.15200    
 
 
CPU time total:   418.78237    
Wall time total:   420.65600    
 
 
 Snapshot written to ./ZZlept_lo_NNPDF31_nnlo_as_0118_1.00_1.00_qqZZ2e2m_snapshot.dat
 
=== Result for PDF set NNPDF31_nnlo_as_0118 member   0 ===
Value of integral is    14.4821     ±   0.73140E-02 fb
 Maximum chisq/it over all contributions is  0.438    
                                  
================================= 
Global information about the job: 
================================= 
  
Job owner: taepa(54821)
Job name:  qqZZ2e2m
Node list: ravc4067
Job start: Mon Dec  2 23:11:35 CET 2024
Job end:   Mon Dec  2 23:18:40 CET 2024
Work dir:  /raven/u/taepa/mcfm/MCFM-10.3/Bin
Command:   /raven/u/taepa/mcfm/MCFM-10.3/Bin/qqZZ2e2m/job.sh
  
  
  
==========================================================================================
Information on jobsteps (Note: MaxRSS/AveRSS is the maximum/average over all 
tasks of the per-task memory high-water marks; cf. "man sacct"): 
==========================================================================================
  
JobID            JobName NNodes NTasks  NCPUS       MaxRSS       AveRSS    Elapsed ExitCode
------------- ---------- ------ ------ ------ ------------ ------------ ---------- --------
13961088        qqZZ2e2m      1             2                             00:07:05      0:0
  
Maximum memory per node: 0.048106 GB (defined as MaxRSS*Ntasks/NNodes)
CPU utilization: 98.1 %
  
