 **************** MCFM - version 10.3 ***************
 *                                                  *
 *  MCFM, v10.3                     January 2023    *
 *  CuTe-MCFM, v1.2                                 *
 *                                                  *
 *  On the web: https://mcfm.fnal.gov/              *
 *                                                  *
 *  MCFM Authors:                                   *
 *                                                  *
 *   John Campbell <johnmc@fnal.gov>                *
 *   Keith Ellis <ellis@fnal.gov>                   *
 *   Tobias Neumann <tneumann@fnal.gov>             *
 *   Ciaran Williams <ciaranwi@buffalo.edu>         *
 *                                                  *
 *  CuTe-MCFM Authors:                              *
 *                                                  *
 *   Thomas Becher <becher@itp.unibe.ch>            *
 *   Tobias Neumann <tneumann@fnal.gov>             *
 *                                                  *
 *   See https://mcfm.fnal.gov/                     *
 *     for a full list of contributors.             *
 *                                                  *
 ****************************************************

 ****************  MCFM references   ****************
 *                                                  *
 *  Precision phenomenology with MCFM-9.0           *
 *   J.M. Campbell, T. Neumann                      *
 *    arXiv:1909.09117                              *
 *                                                  *
 *  An update on vector boson pair production at    *
 *    hadron colliders                              *
 *   J.M. Campbell, R.K. Ellis, PRD60 (1999) 113006 *
 *                                                  *
 *  Vector boson pair production at the LHC         *
 *   J.M. Campbell, R.K. Ellis, C. Williams,        *
 *    JHEP 1107 (2011) 018                          *
 *                                                  *
 ****************************************************
 **************  Process references   ***************
 *                                                  *
 *  Bounding the Higgs width at the LHC using       *
 *    full analytic results for gg -> e-e+mu-mu+    *
 *   J.M. Campbell, R.K. Ellis, C. Williams,        *
 *    arXiv:1311.3589                               *
 *                                                  *
 ****************************************************
 ****************************************************
 *   MCFM uses the libraries                        *
 *                                                  *
 *    AMOS (Netlib)                                 *
 *    Chaplin 1.2 (Buehler, Duhr)                   *
 *    HandyG 0.1.4 (Naterop, Signer, Ulrich)        *
 *    hplog6 1.6 (Gehrmann, Remiddi)                *
 *    LHAPDF 6.5.1 (Buckley, et al.)                *
 *    QCDLoop 2.0.9 (Carazza, Ellis, Zanderighi)    *
 *    OneLOop (van Hameren)                         *
 *    Quad Double 2.3.22 (Hida, Li, Bailey)         *
 *                                                  *
 ****************************************************
 
 Running MCFM with            1  OMP threads
 
 
 MCFM compiled with GCC version 14.1.0 using the options -ffixed-form -cpp -I /u/taepa/mcfm/MCFM-10.3/src/Inc -I /u/taepa/mcfm/MCFM-10.3/. -I /u/taepa/mcfm/MCFM-10.3/Bin/local/include -I /u/taepa/mcfm/MCFM-10.3/Bin/local/include/qd -iprefix /raven/u/system/soft/SLE_15/packages/x86_64/gcc/14.1.0/bin/../lib/gcc/x86_64-pc-linux-gnu/14.1.0/ -D_REENTRANT -D HAVE_LHAPDF=1 -D NDEBUG -mtune=generic -march=x86-64 -g -O2 -finit-local-zero -ffixed-line-length-none -ffree-line-length-512 -fopenmp -ffpe-summary=none -fallow-argument-mismatch -fPIC -J include -fpre-include=/usr/include/finclude/math-vector-fortran.h
 
 
 Running MCFM as ./mcfm ./input_ggZZ2e2m_sig.ini -general%rundir=ggZZ2e2m_sig
 

 *****************************************************
 *     MCFM is calling LHAPDF                        *
 *                                                   *
 *   PDFname NNPDF31_nnlo_as_0118                    *
 *   PDFmember  0                                    *
 *                                                   *
 *****************************************************

 ************** Electroweak parameters **************
 *                                                  *
 *  zmass(+)   91.1876000     wmass(+)  80.3850000  *
 * zwidth(+)    2.4952000    wwidth(+)   2.0850000  *
 *     Gf(+) 0.116639D-04   1/aemmz    132.2319487  *
 *     xw       0.2228972      mtop(+) 173.3000000  *
 *   gwsq       0.4263525       esq      0.0950328  *
 * top width    1.4777968      at order  (LO)       *
 *    mb        4.6600000        mc      1.2750000  *
 *                                                  *
 * Parameters marked (+) are input, others derived  *
 ****************************************************

 WARNING: Higgs decay H->ZZ is below threshold and
 may not yield sensible results - check the number
 of integration points

 ***************** CKM mixing matrix ****************
 *                                                  *
 *      Vud=.97417    Vus=.22480    Vub=.40900E-02  *
 *      Vcd=.22000    Vcs=.99500    Vcb=.40500E-01  *
 ****************************************************
 Setting new_pspace = .false. !
Uniform histogram initialized for 'total cross'
Uniform histogram initialized for 'pt3456_lin'
Uniform histogram initialized for 'm3456'
Custom histogram initialized for 'pt3456'
Custom histogram initialized for 'ptZZ'
Uniform histogram initialized for 'ptl1'
Uniform histogram initialized for 'ptl2'
Uniform histogram initialized for 'ptl3'
Uniform histogram initialized for 'ptl4'
Custom histogram initialized for 'm4lpta'
Custom histogram initialized for 'm4lonshell'
 Using sobol with world_size =            1
 
LO warmup integration, contribution  1
 
 
 Vegas integration parameters:
 ndim = 10  ncall =       100000  iter =  5  alpha = 1.5
 

 ****************** Basic mass cuts *****************
 *                                                  *
 *             60.00  <   m34  <   180.00           *
 *             60.00  <   m56  <   180.00           *
 *            180.00  <  m3456 <  1000.00           *
 ****************************************************

 ****************** Generic cuts ********************
 *                                                  *
 *     20.000 <     pt(lepton)     < 14000.000 GeV  *
 *      0.000 <    |eta(lepton)|   <     2.500      *
 *       pt(missing)      >     0.00 GeV            *
 *     15.000 <   pt(2nd lepton)   < 14000.000 GeV  *
 *      0.000 <  |eta(2nd lepton)| <     2.500      *
 *      7.000 <   pt(3rd lepton)   < 14000.000 GeV  *
 *      0.000 <  |eta(3rd lepton)| <     2.500      *
 *  (3,4) transverse mass >     0.00 GeV            *
 *      R(jet,lepton)     >     0.00                *
 *     R(lepton,lepton)   >     0.00                *
 * |eta(jet1)-eta(jet2)|  >     0.00                *
 ****************************************************

 ************** Dynamic scale choice ****************
 *                                                  *
 *                 RENORMALIZATION                  *
 *       mu_ren  =  1.00 x m(3456)                  *
 *                                                  *
 *                  FACTORIZATION                   *
 *       mu_fac  =  1.00 x m(3456)                  *
 *                                                  *
 ****************************************************
 ****************************************************
 *                                                  *
 *  gg->ZZ box loop includes gens. 1 and 2          *
 *  gg->ZZ box loop includes bottom quark           *
 *  gg->ZZ box loop includes top quark              *
 *                                                  *
 *  Numer. stability: pt(Z) > 0.100 GeV (gens. 1,2) *
 *  Numer. stability: pt(Z) > 0.100 GeV (b,t loops) *
 *                                                  *
 ****************************************************
************** Integration by Vegas (iteration   1) ***************
*                                                                 *
*  integral  =  0.15428736       accum. integral =  0.15428736    *
*  std. dev =   0.11790868E-01   accum. std. dev =  0.11790868E-01*
*   max. wt. =    0.249798E-02                                    *
*                                                                 *
*  CPU time used:   6.1787319     seconds                         *
*  Wall time used:   6.2230000     seconds                        *
*  Threading efficiency:    99.3%                                 *
*                                                                 *
***************   chi**2/iteration =    0.000       ***************
 
************** Integration by Vegas (iteration   2) ***************
*                                                                 *
*  integral  =  0.15871350       accum. integral =  0.15716655    *
*  std. dev =   0.86426959E-02   accum. std. dev =  0.69706240E-02*
*   max. wt. =    0.839054E-02                                    *
*                                                                 *
*  CPU time used:   460.79651     seconds                         *
*  Wall time used:   460.86300     seconds                        *
*  Threading efficiency:   100.0%                                 *
*                                                                 *
***************   chi**2/iteration =   0.9167E-01   ***************
 
************** Integration by Vegas (iteration   3) ***************
*                                                                 *
*  integral  =  0.14638261       accum. integral =  0.14809499    *
*  std. dev =   0.30285160E-02   accum. std. dev =  0.27776804E-02*
*   max. wt. =    0.839054E-02                                    *
*                                                                 *
*  CPU time used:   486.29102     seconds                         *
*  Wall time used:   486.35900     seconds                        *
*  Threading efficiency:   100.0%                                 *
*                                                                 *
***************   chi**2/iteration =    1.053       ***************
 
************** Integration by Vegas (iteration   4) ***************
*                                                                 *
*  integral  =  0.15085122       accum. integral =  0.14999006    *
*  std. dev =   0.18724579E-02   accum. std. dev =  0.15526258E-02*
*   max. wt. =    0.839054E-02                                    *
*                                                                 *
*  CPU time used:   502.73260     seconds                         *
*  Wall time used:   502.80300     seconds                        *
*  Threading efficiency:   100.0%                                 *
*                                                                 *
***************   chi**2/iteration =   0.9273       ***************
 
************** Integration by Vegas (iteration   5) ***************
*                                                                 *
*  integral  =  0.14911707       accum. integral =  0.14950311    *
*  std. dev =   0.13824352E-02   accum. std. dev =  0.10324774E-02*
*   max. wt. =    0.839054E-02                                    *
*                                                                 *
*  CPU time used:   495.78003     seconds                         *
*  Wall time used:   495.84800     seconds                        *
*  Threading efficiency:   100.0%                                 *
*                                                                 *
***************   chi**2/iteration =   0.7396       ***************
 
 
CPU time for last  5 iterations:   1951.7795    
Wall time for last  5 iterations:   1952.1020    
 
 
CPU time total:   1951.8719    
Wall time total:   1952.7230    
 
 Reached warmup precisionGoal with                100000  calls per iteration
 
 Snapshot written to ./HZZ_tb_lo_NNPDF31_nnlo_as_0118_1.00_1.00_125_ggZZELMU_sig_snapshot.dat
 
 
 WARMUP phase complete
 Intermediate warmup result
Value of integral is   0.149503     ±   0.10325E-02 fb
 Maximum chisq/it over all contributions is  0.740    
 
first full integration for LO contribution  1
 
 Vegas integration parameters:
 ndim = 10  ncall =       400000  iter = 10  alpha = 0.8
 
************** Integration by Vegas (iteration   1) ***************
*                                                                 *
*  integral  =  0.15103255       accum. integral =  0.15103255    *
*  std. dev =   0.37010039E-03   accum. std. dev =  0.37010039E-03*
*   max. wt. =    0.839054E-02                                    *
*                                                                 *
*  CPU time used:   1989.4169     seconds                         *
*  Wall time used:   1993.7490     seconds                        *
*  Threading efficiency:    99.8%                                 *
*                                                                 *
***************   chi**2/iteration =    0.000       ***************
 
************** Integration by Vegas (iteration   2) ***************
*                                                                 *
*  integral  =  0.15102592       accum. integral =  0.15102810    *
*  std. dev =   0.25871029E-03   accum. std. dev =  0.21204058E-03*
*   max. wt. =    0.839054E-02                                    *
*                                                                 *
*  CPU time used:   2080.4993     seconds                         *
*  Wall time used:   2084.3920     seconds                        *
*  Threading efficiency:    99.8%                                 *
*                                                                 *
***************   chi**2/iteration =   0.2150E-03   ***************
 
************** Integration by Vegas (iteration   3) ***************
*                                                                 *
*  integral  =  0.15140545       accum. integral =  0.15107777    *
*  std. dev =   0.54464217E-03   accum. std. dev =  0.19759396E-03*
*   max. wt. =    0.839054E-02                                    *
*                                                                 *
*  CPU time used:   2084.5537     seconds                         *
*  Wall time used:   2088.8060     seconds                        *
*  Threading efficiency:    99.8%                                 *
*                                                                 *
***************   chi**2/iteration =   0.2085       ***************
 
************** Integration by Vegas (iteration   4) ***************
*                                                                 *
*  integral  =  0.15077649       accum. integral =  0.15102107    *
*  std. dev =   0.41041870E-03   accum. std. dev =  0.17803504E-03*
*   max. wt. =    0.839054E-02                                    *
*                                                                 *
*  CPU time used:   2038.1694     seconds                         *
*  Wall time used:   2046.3340     seconds                        *
*  Threading efficiency:    99.6%                                 *
*                                                                 *
***************   chi**2/iteration =   0.2848       ***************
 
************** Integration by Vegas (iteration   5) ***************
*                                                                 *
*  integral  =  0.15090845       accum. integral =  0.15099323    *
*  std. dev =   0.31063480E-03   accum. std. dev =  0.15446417E-03*
*   max. wt. =    0.839054E-02                                    *
*                                                                 *
*  CPU time used:   2037.1543     seconds                         *
*  Wall time used:   2045.8420     seconds                        *
*  Threading efficiency:    99.6%                                 *
*                                                                 *
***************   chi**2/iteration =   0.2384       ***************
 
************** Integration by Vegas (iteration   6) ***************
*                                                                 *
*  integral  =  0.15118094       accum. integral =  0.15104687    *
*  std. dev =   0.24419477E-03   accum. std. dev =  0.13054078E-03*
*   max. wt. =    0.839054E-02                                    *
*                                                                 *
*  CPU time used:   2038.2412     seconds                         *
*  Wall time used:   2044.8480     seconds                        *
*  Threading efficiency:    99.7%                                 *
*                                                                 *
***************   chi**2/iteration =   0.2751       ***************
 
************** Integration by Vegas (iteration   7) ***************
*                                                                 *
*  integral  =  0.15088540       accum. integral =  0.15101273    *
*  std. dev =   0.25210211E-03   accum. std. dev =  0.11592175E-03*
*   max. wt. =    0.839054E-02                                    *
*                                                                 *
*  CPU time used:   2064.1582     seconds                         *
*  Wall time used:   2068.4830     seconds                        *
*  Threading efficiency:    99.8%                                 *
*                                                                 *
***************   chi**2/iteration =   0.2832       ***************
 
************** Integration by Vegas (iteration   8) ***************
*                                                                 *
*  integral  =  0.15106802       accum. integral =  0.15101939    *
*  std. dev =   0.31308695E-03   accum. std. dev =  0.10870959E-03*
*   max. wt. =    0.839054E-02                                    *
*                                                                 *
*  CPU time used:   2044.5117     seconds                         *
*  Wall time used:   2047.2330     seconds                        *
*  Threading efficiency:    99.9%                                 *
*                                                                 *
***************   chi**2/iteration =   0.2466       ***************
 
************** Integration by Vegas (iteration   9) ***************
*                                                                 *
*  integral  =  0.15115925       accum. integral =  0.15104143    *
*  std. dev =   0.25132997E-03   accum. std. dev =  0.99776051E-04*
*   max. wt. =    0.839054E-02                                    *
*                                                                 *
*  CPU time used:   2019.4395     seconds                         *
*  Wall time used:   2023.0310     seconds                        *
*  Threading efficiency:    99.8%                                 *
*                                                                 *
***************   chi**2/iteration =   0.2484       ***************
 
************** Integration by Vegas (iteration  10) ***************
*                                                                 *
*  integral  =  0.15110263       accum. integral =  0.15105108    *
*  std. dev =   0.23066538E-03   accum. std. dev =  0.91575976E-04*
*   max. wt. =    0.839054E-02                                    *
*                                                                 *
*  CPU time used:   2059.2949     seconds                         *
*  Wall time used:   2063.7860     seconds                        *
*  Threading efficiency:    99.8%                                 *
*                                                                 *
***************   chi**2/iteration =   0.2274       ***************
 
 
CPU time for last 10 iterations:   20455.441    
Wall time for last 10 iterations:   20506.618    
 
 
CPU time total:   22407.328    
Wall time total:   22459.425    
 
 
 Snapshot written to ./HZZ_tb_lo_NNPDF31_nnlo_as_0118_1.00_1.00_125_ggZZELMU_sig_snapshot.dat
 
=== Result for PDF set NNPDF31_nnlo_as_0118 member   0 ===
Value of integral is   0.151051     ±   0.91576E-04 fb
 Maximum chisq/it over all contributions is  0.227    
                                  
================================= 
Global information about the job: 
================================= 
  
Job owner: taepa(54821)
Job name:  ggZZ2e2m_sig
Node list: ravc4109
Job start: Mon Dec  2 13:14:29 CET 2024
Job end:   Mon Dec  2 19:28:53 CET 2024
Work dir:  /raven/u/taepa/mcfm/MCFM-10.3/Bin
Command:   /raven/u/taepa/mcfm/MCFM-10.3/Bin/ggZZ2e2m_sig/job.sh
  
  
  
==========================================================================================
Information on jobsteps (Note: MaxRSS/AveRSS is the maximum/average over all 
tasks of the per-task memory high-water marks; cf. "man sacct"): 
==========================================================================================
  
JobID            JobName NNodes NTasks  NCPUS       MaxRSS       AveRSS    Elapsed ExitCode
------------- ---------- ------ ------ ------ ------------ ------------ ---------- --------
13945376      ggZZ2e2m_s      1             2                             06:14:24      0:0
  
Maximum memory per node: 0.049047 GB (defined as MaxRSS*Ntasks/NNodes)
CPU utilization: 99.7 %
  
