 **************** MCFM - version 10.3 ***************
 *                                                  *
 *  MCFM, v10.3                     January 2023    *
 *  CuTe-MCFM, v1.2                                 *
 *                                                  *
 *  On the web: https://mcfm.fnal.gov/              *
 *                                                  *
 *  MCFM Authors:                                   *
 *                                                  *
 *   John Campbell <johnmc@fnal.gov>                *
 *   Keith Ellis <ellis@fnal.gov>                   *
 *   Tobias Neumann <tneumann@fnal.gov>             *
 *   Ciaran Williams <ciaranwi@buffalo.edu>         *
 *                                                  *
 *  CuTe-MCFM Authors:                              *
 *                                                  *
 *   Thomas Becher <becher@itp.unibe.ch>            *
 *   Tobias Neumann <tneumann@fnal.gov>             *
 *                                                  *
 *   See https://mcfm.fnal.gov/                     *
 *     for a full list of contributors.             *
 *                                                  *
 ****************************************************

 ****************  MCFM references   ****************
 *                                                  *
 *  Precision phenomenology with MCFM-9.0           *
 *   J.M. Campbell, T. Neumann                      *
 *    arXiv:1909.09117                              *
 *                                                  *
 *  An update on vector boson pair production at    *
 *    hadron colliders                              *
 *   J.M. Campbell, R.K. Ellis, PRD60 (1999) 113006 *
 *                                                  *
 *  Vector boson pair production at the LHC         *
 *   J.M. Campbell, R.K. Ellis, C. Williams,        *
 *    JHEP 1107 (2011) 018                          *
 *                                                  *
 ****************************************************
 **************  Process references   ***************
 *                                                  *
 *  Bounding the Higgs width at the LHC using       *
 *    full analytic results for gg -> e-e+mu-mu+    *
 *   J.M. Campbell, R.K. Ellis, C. Williams,        *
 *    arXiv:1311.3589                               *
 *                                                  *
 ****************************************************
 ****************************************************
 *   MCFM uses the libraries                        *
 *                                                  *
 *    AMOS (Netlib)                                 *
 *    Chaplin 1.2 (Buehler, Duhr)                   *
 *    HandyG 0.1.4 (Naterop, Signer, Ulrich)        *
 *    hplog6 1.6 (Gehrmann, Remiddi)                *
 *    LHAPDF 6.5.1 (Buckley, et al.)                *
 *    QCDLoop 2.0.9 (Carazza, Ellis, Zanderighi)    *
 *    OneLOop (van Hameren)                         *
 *    Quad Double 2.3.22 (Hida, Li, Bailey)         *
 *                                                  *
 ****************************************************
 
 Running MCFM with            1  OMP threads
 
 
 MCFM compiled with GCC version 14.1.0 using the options -ffixed-form -cpp -I /u/taepa/mcfm/MCFM-10.3/src/Inc -I /u/taepa/mcfm/MCFM-10.3/. -I /u/taepa/mcfm/MCFM-10.3/Bin/local/include -I /u/taepa/mcfm/MCFM-10.3/Bin/local/include/qd -iprefix /raven/u/system/soft/SLE_15/packages/x86_64/gcc/14.1.0/bin/../lib/gcc/x86_64-pc-linux-gnu/14.1.0/ -D_REENTRANT -D HAVE_LHAPDF=1 -D NDEBUG -mtune=generic -march=x86-64 -g -O2 -finit-local-zero -ffixed-line-length-none -ffree-line-length-512 -fopenmp -ffpe-summary=none -fallow-argument-mismatch -fPIC -J include -fpre-include=/usr/include/finclude/math-vector-fortran.h
 
 
 Running MCFM as ./mcfm ./input_ggZZ2e2m_bkg.ini -general%rundir=ggZZ2e2m_bkg
 

 *****************************************************
 *     MCFM is calling LHAPDF                        *
 *                                                   *
 *   PDFname NNPDF31_nnlo_as_0118                    *
 *   PDFmember  0                                    *
 *                                                   *
 *****************************************************

 ************** Electroweak parameters **************
 *                                                  *
 *  zmass(+)   91.1876000     wmass(+)  80.3850000  *
 * zwidth(+)    2.4952000    wwidth(+)   2.0850000  *
 *     Gf(+) 0.116639D-04   1/aemmz    132.2319487  *
 *     xw       0.2228972      mtop(+) 173.3000000  *
 *   gwsq       0.4263525       esq      0.0950328  *
 * top width    1.4777968      at order  (LO)       *
 *    mb        4.6600000        mc      1.2750000  *
 *                                                  *
 * Parameters marked (+) are input, others derived  *
 ****************************************************

 WARNING: Higgs decay H->ZZ is below threshold and
 may not yield sensible results - check the number
 of integration points

 ***************** CKM mixing matrix ****************
 *                                                  *
 *      Vud=.97417    Vus=.22480    Vub=.40900E-02  *
 *      Vcd=.22000    Vcs=.99500    Vcb=.40500E-01  *
 ****************************************************
 Setting new_pspace = .false. !
Uniform histogram initialized for 'total cross'
Uniform histogram initialized for 'pt3456_lin'
Uniform histogram initialized for 'm3456'
Custom histogram initialized for 'pt3456'
Custom histogram initialized for 'ptZZ'
Uniform histogram initialized for 'ptl1'
Uniform histogram initialized for 'ptl2'
Uniform histogram initialized for 'ptl3'
Uniform histogram initialized for 'ptl4'
Custom histogram initialized for 'm4lpta'
Custom histogram initialized for 'm4lonshell'
 Using sobol with world_size =            1
 
LO warmup integration, contribution  1
 
 
 Vegas integration parameters:
 ndim = 10  ncall =       100000  iter =  5  alpha = 1.5
 

 ****************** Basic mass cuts *****************
 *                                                  *
 *             60.00  <   m34  <   180.00           *
 *             60.00  <   m56  <   180.00           *
 *            180.00  <  m3456 <  1000.00           *
 ****************************************************

 ****************** Generic cuts ********************
 *                                                  *
 *     20.000 <     pt(lepton)     < 14000.000 GeV  *
 *      0.000 <    |eta(lepton)|   <     2.500      *
 *       pt(missing)      >     0.00 GeV            *
 *     15.000 <   pt(2nd lepton)   < 14000.000 GeV  *
 *      0.000 <  |eta(2nd lepton)| <     2.500      *
 *      7.000 <   pt(3rd lepton)   < 14000.000 GeV  *
 *      0.000 <  |eta(3rd lepton)| <     2.500      *
 *  (3,4) transverse mass >     0.00 GeV            *
 *      R(jet,lepton)     >     0.00                *
 *     R(lepton,lepton)   >     0.00                *
 * |eta(jet1)-eta(jet2)|  >     0.00                *
 ****************************************************

 ************** Dynamic scale choice ****************
 *                                                  *
 *                 RENORMALIZATION                  *
 *       mu_ren  =  1.00 x m(3456)                  *
 *                                                  *
 *                  FACTORIZATION                   *
 *       mu_fac  =  1.00 x m(3456)                  *
 *                                                  *
 ****************************************************
 ****************************************************
 *                                                  *
 *  gg->ZZ box loop includes gens. 1 and 2          *
 *  gg->ZZ box loop includes bottom quark           *
 *  gg->ZZ box loop includes top quark              *
 *                                                  *
 *  Numer. stability: pt(Z) > 0.100 GeV (gens. 1,2) *
 *  Numer. stability: pt(Z) > 0.100 GeV (b,t loops) *
 *                                                  *
 ****************************************************
************** Integration by Vegas (iteration   1) ***************
*                                                                 *
*  integral  =   1.5509871       accum. integral =   1.5509871    *
*  std. dev =   0.60237622E-01   accum. std. dev =  0.60237622E-01*
*   max. wt. =    0.109907E-01                                    *
*                                                                 *
*  CPU time used:   42.878021     seconds                         *
*  Wall time used:   42.910000     seconds                        *
*  Threading efficiency:    99.9%                                 *
*                                                                 *
***************   chi**2/iteration =    0.000       ***************
 
************** Integration by Vegas (iteration   2) ***************
*                                                                 *
*  integral  =   1.6300033       accum. integral =   1.6289598    *
*  std. dev =   0.69686347E-02   accum. std. dev =  0.69224663E-02*
*   max. wt. =    0.109907E-01                                    *
*                                                                 *
*  CPU time used:   474.45959     seconds                         *
*  Wall time used:   474.64800     seconds                        *
*  Threading efficiency:   100.0%                                 *
*                                                                 *
***************   chi**2/iteration =    1.698       ***************
 
************** Integration by Vegas (iteration   3) ***************
*                                                                 *
*  integral  =   1.6256555       accum. integral =   1.6267965    *
*  std. dev =   0.50275151E-02   accum. std. dev =  0.40678903E-02*
*   max. wt. =    0.109907E-01                                    *
*                                                                 *
*  CPU time used:   477.57458     seconds                         *
*  Wall time used:   477.76700     seconds                        *
*  Threading efficiency:   100.0%                                 *
*                                                                 *
***************   chi**2/iteration =   0.9236       ***************
 
************** Integration by Vegas (iteration   4) ***************
*                                                                 *
*  integral  =   1.6294268       accum. integral =   1.6278419    *
*  std. dev =   0.50087145E-02   accum. std. dev =  0.31576680E-02*
*   max. wt. =    0.109907E-01                                    *
*                                                                 *
*  CPU time used:   472.66254     seconds                         *
*  Wall time used:   472.86400     seconds                        *
*  Threading efficiency:   100.0%                                 *
*                                                                 *
***************   chi**2/iteration =   0.6711       ***************
 
************** Integration by Vegas (iteration   5) ***************
*                                                                 *
*  integral  =   1.6233307       accum. integral =   1.6263447    *
*  std. dev =   0.44801390E-02   accum. std. dev =  0.25810109E-02*
*   max. wt. =    0.109907E-01                                    *
*                                                                 *
*  CPU time used:   469.16504     seconds                         *
*  Wall time used:   469.35300     seconds                        *
*  Threading efficiency:   100.0%                                 *
*                                                                 *
***************   chi**2/iteration =   0.6727       ***************
 
 
CPU time for last  5 iterations:   1936.7408    
Wall time for last  5 iterations:   1937.5610    
 
 
CPU time total:   1936.8046    
Wall time total:   1937.6550    
 
 Reached warmup precisionGoal with                100000  calls per iteration
 
 Snapshot written to ./ggZZbx_lo_NNPDF31_nnlo_as_0118_1.00_1.00_ggZZELMU_bkg_snapshot.dat
 
 
 WARMUP phase complete
 Intermediate warmup result
Value of integral is    1.62634     ±   0.25810E-02 fb
 Maximum chisq/it over all contributions is  0.673    
 
first full integration for LO contribution  1
 
 Vegas integration parameters:
 ndim = 10  ncall =       400000  iter = 10  alpha = 0.8
 
************** Integration by Vegas (iteration   1) ***************
*                                                                 *
*  integral  =   1.6283955       accum. integral =   1.6283955    *
*  std. dev =   0.27598574E-02   accum. std. dev =  0.27598574E-02*
*   max. wt. =    0.109907E-01                                    *
*                                                                 *
*  CPU time used:   1953.4211     seconds                         *
*  Wall time used:   1958.1180     seconds                        *
*  Threading efficiency:    99.8%                                 *
*                                                                 *
***************   chi**2/iteration =    0.000       ***************
 
************** Integration by Vegas (iteration   2) ***************
*                                                                 *
*  integral  =   1.6258745       accum. integral =   1.6269129    *
*  std. dev =   0.23097735E-02   accum. std. dev =  0.17712908E-02*
*   max. wt. =    0.109907E-01                                    *
*                                                                 *
*  CPU time used:   1918.7549     seconds                         *
*  Wall time used:   1922.8570     seconds                        *
*  Threading efficiency:    99.8%                                 *
*                                                                 *
***************   chi**2/iteration =   0.4907       ***************
 
************** Integration by Vegas (iteration   3) ***************
*                                                                 *
*  integral  =   1.6280116       accum. integral =   1.6273463    *
*  std. dev =   0.21947756E-02   accum. std. dev =  0.13783936E-02*
*   max. wt. =    0.109907E-01                                    *
*                                                                 *
*  CPU time used:   1935.0962     seconds                         *
*  Wall time used:   1939.6330     seconds                        *
*  Threading efficiency:    99.8%                                 *
*                                                                 *
***************   chi**2/iteration =   0.3212       ***************
 
************** Integration by Vegas (iteration   4) ***************
*                                                                 *
*  integral  =   1.6265176       accum. integral =   1.6271087    *
*  std. dev =   0.21740731E-02   accum. std. dev =  0.11641347E-02*
*   max. wt. =    0.109907E-01                                    *
*                                                                 *
*  CPU time used:   1933.2368     seconds                         *
*  Wall time used:   1937.6970     seconds                        *
*  Threading efficiency:    99.8%                                 *
*                                                                 *
***************   chi**2/iteration =   0.2487       ***************
 
************** Integration by Vegas (iteration   5) ***************
*                                                                 *
*  integral  =   1.6269175       accum. integral =   1.6270657    *
*  std. dev =   0.21611816E-02   accum. std. dev =  0.10249035E-02*
*   max. wt. =    0.109907E-01                                    *
*                                                                 *
*  CPU time used:   1934.5781     seconds                         *
*  Wall time used:   1938.5400     seconds                        *
*  Threading efficiency:    99.8%                                 *
*                                                                 *
***************   chi**2/iteration =   0.1880       ***************
 
************** Integration by Vegas (iteration   6) ***************
*                                                                 *
*  integral  =   1.6278328       accum. integral =   1.6271811    *
*  std. dev =   0.24352685E-02   accum. std. dev =  0.94465288E-03*
*   max. wt. =    0.109907E-01                                    *
*                                                                 *
*  CPU time used:   1934.9141     seconds                         *
*  Wall time used:   1939.7240     seconds                        *
*  Threading efficiency:    99.8%                                 *
*                                                                 *
***************   chi**2/iteration =   0.1673       ***************
 
************** Integration by Vegas (iteration   7) ***************
*                                                                 *
*  integral  =   1.6249471       accum. integral =   1.6268521    *
*  std. dev =   0.22732335E-02   accum. std. dev =  0.87233126E-03*
*   max. wt. =    0.109907E-01                                    *
*                                                                 *
*  CPU time used:   1904.7285     seconds                         *
*  Wall time used:   1909.0760     seconds                        *
*  Threading efficiency:    99.8%                                 *
*                                                                 *
***************   chi**2/iteration =   0.2767       ***************
 
************** Integration by Vegas (iteration   8) ***************
*                                                                 *
*  integral  =   1.6293274       accum. integral =   1.6271972    *
*  std. dev =   0.21674615E-02   accum. std. dev =  0.80924906E-03*
*   max. wt. =    0.109907E-01                                    *
*                                                                 *
*  CPU time used:   1925.7188     seconds                         *
*  Wall time used:   1930.3070     seconds                        *
*  Threading efficiency:    99.8%                                 *
*                                                                 *
***************   chi**2/iteration =   0.3975       ***************
 
************** Integration by Vegas (iteration   9) ***************
*                                                                 *
*  integral  =   1.6256949       accum. integral =   1.6270102    *
*  std. dev =   0.21466117E-02   accum. std. dev =  0.75722718E-03*
*   max. wt. =    0.109907E-01                                    *
*                                                                 *
*  CPU time used:   1926.7500     seconds                         *
*  Wall time used:   1932.9220     seconds                        *
*  Threading efficiency:    99.7%                                 *
*                                                                 *
***************   chi**2/iteration =   0.4014       ***************
 
************** Integration by Vegas (iteration  10) ***************
*                                                                 *
*  integral  =   1.6274423       accum. integral =   1.6270497    *
*  std. dev =   0.23892695E-02   accum. std. dev =  0.72184227E-03*
*   max. wt. =    0.109907E-01                                    *
*                                                                 *
*  CPU time used:   1923.3086     seconds                         *
*  Wall time used:   1927.4140     seconds                        *
*  Threading efficiency:    99.8%                                 *
*                                                                 *
***************   chi**2/iteration =   0.3601       ***************
 
 
CPU time for last 10 iterations:   19290.508    
Wall time for last 10 iterations:   19336.412    
 
 
CPU time total:   21227.323    
Wall time total:   21274.092    
 
 
 Snapshot written to ./ggZZbx_lo_NNPDF31_nnlo_as_0118_1.00_1.00_ggZZELMU_bkg_snapshot.dat
 
=== Result for PDF set NNPDF31_nnlo_as_0118 member   0 ===
Value of integral is    1.62705     ±   0.72184E-03 fb
 Maximum chisq/it over all contributions is  0.360    
                                  
================================= 
Global information about the job: 
================================= 
  
Job owner: taepa(54821)
Job name:  ggZZ2e2m_bkg
Node list: ravc4067
Job start: Mon Dec  2 13:30:01 CET 2024
Job end:   Mon Dec  2 19:24:40 CET 2024
Work dir:  /raven/u/taepa/mcfm/MCFM-10.3/Bin
Command:   /raven/u/taepa/mcfm/MCFM-10.3/Bin/ggZZ2e2m_bkg/job.sh
  
  
  
==========================================================================================
Information on jobsteps (Note: MaxRSS/AveRSS is the maximum/average over all 
tasks of the per-task memory high-water marks; cf. "man sacct"): 
==========================================================================================
  
JobID            JobName NNodes NTasks  NCPUS       MaxRSS       AveRSS    Elapsed ExitCode
------------- ---------- ------ ------ ------ ------------ ------------ ---------- --------
13946012      ggZZ2e2m_b      1             2                             05:54:39      0:0
  
Maximum memory per node: 0.048790 GB (defined as MaxRSS*Ntasks/NNodes)
CPU utilization: 99.7 %
  
